DEB [20181020-17:12:26.746] thr=1   paramiko.transport: starting thread (server mode): 0x5fca3bd0L
DEB [20181020-17:12:26.747] thr=1   paramiko.transport: Local version/idstring: SSH-2.0-paramiko_2.4.2
DEB [20181020-17:12:26.747] thr=1   paramiko.transport: Remote version/idstring: SSH-2.0-OpenSSH_7.6p1 Ubuntu-4
INF [20181020-17:12:26.747] thr=1   paramiko.transport: Connected (version 2.0, client OpenSSH_7.6p1)
DEB [20181020-17:12:26.749] thr=1   paramiko.transport: kex algos:[u'curve25519-sha256', u'curve25519-sha256@libssh.org', u'ecdh-sha2-nistp256', u'ecdh-sha2-nistp384', u'ecdh-sha2-nistp521', u'diffie-hellman-group-exchange-sha256', u'diffie-hellman-group16-sha512', u'diffie-hellman-group18-sha512', u'diffie-hellman-group-exchange-sha1', u'diffie-hellman-group14-sha256', u'diffie-hellman-group14-sha1', u'ext-info-c'] server key:[u'ssh-rsa-cert-v01@openssh.com', u'rsa-sha2-512', u'rsa-sha2-256', u'ssh-rsa', u'ecdsa-sha2-nistp256-cert-v01@openssh.com', u'ecdsa-sha2-nistp384-cert-v01@openssh.com', u'ecdsa-sha2-nistp521-cert-v01@openssh.com', u'ssh-ed25519-cert-v01@openssh.com', u'ecdsa-sha2-nistp256', u'ecdsa-sha2-nistp384', u'ecdsa-sha2-nistp521', u'ssh-ed25519'] client encrypt:[u'chacha20-poly1305@openssh.com', u'aes128-ctr', u'aes192-ctr', u'aes256-ctr', u'aes128-gcm@openssh.com', u'aes256-gcm@openssh.com'] server encrypt:[u'chacha20-poly1305@openssh.com', u'aes128-ctr', u'aes192-ctr', u'aes256-ctr', u'aes128-gcm@openssh.com', u'aes256-gcm@openssh.com'] client mac:[u'umac-64-etm@openssh.com', u'umac-128-etm@openssh.com', u'hmac-sha2-256-etm@openssh.com', u'hmac-sha2-512-etm@openssh.com', u'hmac-sha1-etm@openssh.com', u'umac-64@openssh.com', u'umac-128@openssh.com', u'hmac-sha2-256', u'hmac-sha2-512', u'hmac-sha1'] server mac:[u'umac-64-etm@openssh.com', u'umac-128-etm@openssh.com', u'hmac-sha2-256-etm@openssh.com', u'hmac-sha2-512-etm@openssh.com', u'hmac-sha1-etm@openssh.com', u'umac-64@openssh.com', u'umac-128@openssh.com', u'hmac-sha2-256', u'hmac-sha2-512', u'hmac-sha1'] client compress:[u'none', u'zlib@openssh.com', u'zlib'] server compress:[u'none', u'zlib@openssh.com', u'zlib'] client lang:[u''] server lang:[u''] kex follows?False
DEB [20181020-17:12:26.750] thr=1   paramiko.transport: Kex agreed: ecdh-sha2-nistp256
DEB [20181020-17:12:26.750] thr=1   paramiko.transport: HostKey agreed: ssh-rsa
DEB [20181020-17:12:26.750] thr=1   paramiko.transport: Cipher agreed: aes128-ctr
DEB [20181020-17:12:26.750] thr=1   paramiko.transport: MAC agreed: hmac-sha2-256
DEB [20181020-17:12:26.751] thr=1   paramiko.transport: Compression agreed: none
DEB [20181020-17:12:26.757] thr=1   paramiko.transport: kex engine KexNistp256 specified hash_algo <built-in function openssl_sha256>
DEB [20181020-17:12:26.758] thr=1   paramiko.transport: Switch to new keys ...
DEB [20181020-17:12:26.761] thr=1   paramiko.transport: Auth request (type=none) service=ssh-connection, username=pezmosca
INF [20181020-17:12:26.761] thr=1   paramiko.transport: Auth rejected (none).
DEB [20181020-17:12:26.767] thr=1   paramiko.transport: Auth request (type=publickey) service=ssh-connection, username=pezmosca
ERR [20181020-17:12:26.769] thr=1   paramiko.transport: Unknown exception: no such table: logins
ERR [20181020-17:12:26.771] thr=1   paramiko.transport: Traceback (most recent call last):
ERR [20181020-17:12:26.772] thr=1   paramiko.transport:   File "/home/toni/Projects/Tinder/SSH_SERVER/venv/local/lib/python2.7/site-packages/paramiko/transport.py", line 2036, in run
ERR [20181020-17:12:26.772] thr=1   paramiko.transport:     handler(self.auth_handler, m)
ERR [20181020-17:12:26.772] thr=1   paramiko.transport:   File "/home/toni/Projects/Tinder/SSH_SERVER/venv/local/lib/python2.7/site-packages/paramiko/auth_handler.py", line 526, in _parse_userauth_request
ERR [20181020-17:12:26.772] thr=1   paramiko.transport:     username, key
ERR [20181020-17:12:26.773] thr=1   paramiko.transport:   File "demo_server.py", line 82, in check_auth_publickey
ERR [20181020-17:12:26.773] thr=1   paramiko.transport:     cursor_agenda.execute("SELECT * FROM logins WHERE username=?", user)
ERR [20181020-17:12:26.773] thr=1   paramiko.transport: OperationalError: no such table: logins
ERR [20181020-17:12:26.773] thr=1   paramiko.transport: 
DEB [20181020-17:13:05.489] thr=1   paramiko.transport: starting thread (server mode): 0x3067dbd0L
DEB [20181020-17:13:05.490] thr=1   paramiko.transport: Local version/idstring: SSH-2.0-paramiko_2.4.2
DEB [20181020-17:13:05.491] thr=1   paramiko.transport: Remote version/idstring: SSH-2.0-OpenSSH_7.6p1 Ubuntu-4
INF [20181020-17:13:05.491] thr=1   paramiko.transport: Connected (version 2.0, client OpenSSH_7.6p1)
DEB [20181020-17:13:05.492] thr=1   paramiko.transport: kex algos:[u'curve25519-sha256', u'curve25519-sha256@libssh.org', u'ecdh-sha2-nistp256', u'ecdh-sha2-nistp384', u'ecdh-sha2-nistp521', u'diffie-hellman-group-exchange-sha256', u'diffie-hellman-group16-sha512', u'diffie-hellman-group18-sha512', u'diffie-hellman-group-exchange-sha1', u'diffie-hellman-group14-sha256', u'diffie-hellman-group14-sha1', u'ext-info-c'] server key:[u'ssh-rsa-cert-v01@openssh.com', u'rsa-sha2-512', u'rsa-sha2-256', u'ssh-rsa', u'ecdsa-sha2-nistp256-cert-v01@openssh.com', u'ecdsa-sha2-nistp384-cert-v01@openssh.com', u'ecdsa-sha2-nistp521-cert-v01@openssh.com', u'ssh-ed25519-cert-v01@openssh.com', u'ecdsa-sha2-nistp256', u'ecdsa-sha2-nistp384', u'ecdsa-sha2-nistp521', u'ssh-ed25519'] client encrypt:[u'chacha20-poly1305@openssh.com', u'aes128-ctr', u'aes192-ctr', u'aes256-ctr', u'aes128-gcm@openssh.com', u'aes256-gcm@openssh.com'] server encrypt:[u'chacha20-poly1305@openssh.com', u'aes128-ctr', u'aes192-ctr', u'aes256-ctr', u'aes128-gcm@openssh.com', u'aes256-gcm@openssh.com'] client mac:[u'umac-64-etm@openssh.com', u'umac-128-etm@openssh.com', u'hmac-sha2-256-etm@openssh.com', u'hmac-sha2-512-etm@openssh.com', u'hmac-sha1-etm@openssh.com', u'umac-64@openssh.com', u'umac-128@openssh.com', u'hmac-sha2-256', u'hmac-sha2-512', u'hmac-sha1'] server mac:[u'umac-64-etm@openssh.com', u'umac-128-etm@openssh.com', u'hmac-sha2-256-etm@openssh.com', u'hmac-sha2-512-etm@openssh.com', u'hmac-sha1-etm@openssh.com', u'umac-64@openssh.com', u'umac-128@openssh.com', u'hmac-sha2-256', u'hmac-sha2-512', u'hmac-sha1'] client compress:[u'none', u'zlib@openssh.com', u'zlib'] server compress:[u'none', u'zlib@openssh.com', u'zlib'] client lang:[u''] server lang:[u''] kex follows?False
DEB [20181020-17:13:05.493] thr=1   paramiko.transport: Kex agreed: ecdh-sha2-nistp256
DEB [20181020-17:13:05.493] thr=1   paramiko.transport: HostKey agreed: ssh-rsa
DEB [20181020-17:13:05.493] thr=1   paramiko.transport: Cipher agreed: aes128-ctr
DEB [20181020-17:13:05.494] thr=1   paramiko.transport: MAC agreed: hmac-sha2-256
DEB [20181020-17:13:05.494] thr=1   paramiko.transport: Compression agreed: none
DEB [20181020-17:13:05.500] thr=1   paramiko.transport: kex engine KexNistp256 specified hash_algo <built-in function openssl_sha256>
DEB [20181020-17:13:05.501] thr=1   paramiko.transport: Switch to new keys ...
DEB [20181020-17:13:05.503] thr=1   paramiko.transport: Auth request (type=none) service=ssh-connection, username=robey
INF [20181020-17:13:05.504] thr=1   paramiko.transport: Auth rejected (none).
DEB [20181020-17:13:07.772] thr=1   paramiko.transport: Auth request (type=password) service=ssh-connection, username=robey
INF [20181020-17:13:07.772] thr=1   paramiko.transport: Auth granted (password).
DEB [20181020-17:13:07.774] thr=1   paramiko.transport: [chan 0] Max packet in: 32768 bytes
DEB [20181020-17:13:07.774] thr=1   paramiko.transport: [chan 0] Max packet out: 16384 bytes
DEB [20181020-17:13:07.775] thr=1   paramiko.transport: Secsh channel 0 (session) opened.
DEB [20181020-17:13:10.684] thr=2   paramiko.transport: [chan 0] EOF sent (0)
DEB [20181020-17:13:10.686] thr=1   paramiko.transport: EOF in transport thread
DEB [20181020-17:13:21.868] thr=1   paramiko.transport: starting thread (server mode): 0xe7cfcbd0L
DEB [20181020-17:13:21.869] thr=1   paramiko.transport: Local version/idstring: SSH-2.0-paramiko_2.4.2
DEB [20181020-17:13:21.869] thr=1   paramiko.transport: Remote version/idstring: SSH-2.0-OpenSSH_7.6p1 Ubuntu-4
INF [20181020-17:13:21.870] thr=1   paramiko.transport: Connected (version 2.0, client OpenSSH_7.6p1)
DEB [20181020-17:13:21.871] thr=1   paramiko.transport: kex algos:[u'curve25519-sha256', u'curve25519-sha256@libssh.org', u'ecdh-sha2-nistp256', u'ecdh-sha2-nistp384', u'ecdh-sha2-nistp521', u'diffie-hellman-group-exchange-sha256', u'diffie-hellman-group16-sha512', u'diffie-hellman-group18-sha512', u'diffie-hellman-group-exchange-sha1', u'diffie-hellman-group14-sha256', u'diffie-hellman-group14-sha1', u'ext-info-c'] server key:[u'ssh-rsa-cert-v01@openssh.com', u'rsa-sha2-512', u'rsa-sha2-256', u'ssh-rsa', u'ecdsa-sha2-nistp256-cert-v01@openssh.com', u'ecdsa-sha2-nistp384-cert-v01@openssh.com', u'ecdsa-sha2-nistp521-cert-v01@openssh.com', u'ssh-ed25519-cert-v01@openssh.com', u'ecdsa-sha2-nistp256', u'ecdsa-sha2-nistp384', u'ecdsa-sha2-nistp521', u'ssh-ed25519'] client encrypt:[u'chacha20-poly1305@openssh.com', u'aes128-ctr', u'aes192-ctr', u'aes256-ctr', u'aes128-gcm@openssh.com', u'aes256-gcm@openssh.com'] server encrypt:[u'chacha20-poly1305@openssh.com', u'aes128-ctr', u'aes192-ctr', u'aes256-ctr', u'aes128-gcm@openssh.com', u'aes256-gcm@openssh.com'] client mac:[u'umac-64-etm@openssh.com', u'umac-128-etm@openssh.com', u'hmac-sha2-256-etm@openssh.com', u'hmac-sha2-512-etm@openssh.com', u'hmac-sha1-etm@openssh.com', u'umac-64@openssh.com', u'umac-128@openssh.com', u'hmac-sha2-256', u'hmac-sha2-512', u'hmac-sha1'] server mac:[u'umac-64-etm@openssh.com', u'umac-128-etm@openssh.com', u'hmac-sha2-256-etm@openssh.com', u'hmac-sha2-512-etm@openssh.com', u'hmac-sha1-etm@openssh.com', u'umac-64@openssh.com', u'umac-128@openssh.com', u'hmac-sha2-256', u'hmac-sha2-512', u'hmac-sha1'] client compress:[u'none', u'zlib@openssh.com', u'zlib'] server compress:[u'none', u'zlib@openssh.com', u'zlib'] client lang:[u''] server lang:[u''] kex follows?False
DEB [20181020-17:13:21.872] thr=1   paramiko.transport: Kex agreed: ecdh-sha2-nistp256
DEB [20181020-17:13:21.872] thr=1   paramiko.transport: HostKey agreed: ssh-rsa
DEB [20181020-17:13:21.872] thr=1   paramiko.transport: Cipher agreed: aes128-ctr
DEB [20181020-17:13:21.873] thr=1   paramiko.transport: MAC agreed: hmac-sha2-256
DEB [20181020-17:13:21.873] thr=1   paramiko.transport: Compression agreed: none
DEB [20181020-17:13:21.879] thr=1   paramiko.transport: kex engine KexNistp256 specified hash_algo <built-in function openssl_sha256>
DEB [20181020-17:13:21.880] thr=1   paramiko.transport: Switch to new keys ...
DEB [20181020-17:13:21.882] thr=1   paramiko.transport: Auth request (type=none) service=ssh-connection, username=robey
INF [20181020-17:13:21.882] thr=1   paramiko.transport: Auth rejected (none).
DEB [20181020-17:13:26.506] thr=1   paramiko.transport: Auth request (type=password) service=ssh-connection, username=robey
INF [20181020-17:13:26.506] thr=1   paramiko.transport: Auth granted (password).
DEB [20181020-17:13:26.508] thr=1   paramiko.transport: [chan 0] Max packet in: 32768 bytes
DEB [20181020-17:13:26.508] thr=1   paramiko.transport: [chan 0] Max packet out: 16384 bytes
DEB [20181020-17:13:26.509] thr=1   paramiko.transport: Secsh channel 0 (session) opened.
DEB [20181020-17:13:28.555] thr=2   paramiko.transport: [chan 0] EOF sent (0)
DEB [20181020-17:13:28.557] thr=1   paramiko.transport: EOF in transport thread
DEB [20181020-17:42:13.754] thr=1   paramiko.transport: starting thread (server mode): 0x8ad80bd0L
DEB [20181020-17:42:13.755] thr=1   paramiko.transport: Local version/idstring: SSH-2.0-paramiko_2.4.2
DEB [20181020-17:42:13.755] thr=1   paramiko.transport: Remote version/idstring: SSH-2.0-OpenSSH_7.6p1 Ubuntu-4
INF [20181020-17:42:13.756] thr=1   paramiko.transport: Connected (version 2.0, client OpenSSH_7.6p1)
DEB [20181020-17:42:13.757] thr=1   paramiko.transport: kex algos:[u'curve25519-sha256', u'curve25519-sha256@libssh.org', u'ecdh-sha2-nistp256', u'ecdh-sha2-nistp384', u'ecdh-sha2-nistp521', u'diffie-hellman-group-exchange-sha256', u'diffie-hellman-group16-sha512', u'diffie-hellman-group18-sha512', u'diffie-hellman-group-exchange-sha1', u'diffie-hellman-group14-sha256', u'diffie-hellman-group14-sha1', u'ext-info-c'] server key:[u'ssh-rsa-cert-v01@openssh.com', u'rsa-sha2-512', u'rsa-sha2-256', u'ssh-rsa', u'ecdsa-sha2-nistp256-cert-v01@openssh.com', u'ecdsa-sha2-nistp384-cert-v01@openssh.com', u'ecdsa-sha2-nistp521-cert-v01@openssh.com', u'ssh-ed25519-cert-v01@openssh.com', u'ecdsa-sha2-nistp256', u'ecdsa-sha2-nistp384', u'ecdsa-sha2-nistp521', u'ssh-ed25519'] client encrypt:[u'chacha20-poly1305@openssh.com', u'aes128-ctr', u'aes192-ctr', u'aes256-ctr', u'aes128-gcm@openssh.com', u'aes256-gcm@openssh.com'] server encrypt:[u'chacha20-poly1305@openssh.com', u'aes128-ctr', u'aes192-ctr', u'aes256-ctr', u'aes128-gcm@openssh.com', u'aes256-gcm@openssh.com'] client mac:[u'umac-64-etm@openssh.com', u'umac-128-etm@openssh.com', u'hmac-sha2-256-etm@openssh.com', u'hmac-sha2-512-etm@openssh.com', u'hmac-sha1-etm@openssh.com', u'umac-64@openssh.com', u'umac-128@openssh.com', u'hmac-sha2-256', u'hmac-sha2-512', u'hmac-sha1'] server mac:[u'umac-64-etm@openssh.com', u'umac-128-etm@openssh.com', u'hmac-sha2-256-etm@openssh.com', u'hmac-sha2-512-etm@openssh.com', u'hmac-sha1-etm@openssh.com', u'umac-64@openssh.com', u'umac-128@openssh.com', u'hmac-sha2-256', u'hmac-sha2-512', u'hmac-sha1'] client compress:[u'none', u'zlib@openssh.com', u'zlib'] server compress:[u'none', u'zlib@openssh.com', u'zlib'] client lang:[u''] server lang:[u''] kex follows?False
DEB [20181020-17:42:13.758] thr=1   paramiko.transport: Kex agreed: ecdh-sha2-nistp256
DEB [20181020-17:42:13.758] thr=1   paramiko.transport: HostKey agreed: ssh-rsa
DEB [20181020-17:42:13.758] thr=1   paramiko.transport: Cipher agreed: aes128-ctr
DEB [20181020-17:42:13.759] thr=1   paramiko.transport: MAC agreed: hmac-sha2-256
DEB [20181020-17:42:13.759] thr=1   paramiko.transport: Compression agreed: none
DEB [20181020-17:42:13.765] thr=1   paramiko.transport: kex engine KexNistp256 specified hash_algo <built-in function openssl_sha256>
DEB [20181020-17:42:13.766] thr=1   paramiko.transport: Switch to new keys ...
DEB [20181020-17:42:13.768] thr=1   paramiko.transport: Auth request (type=none) service=ssh-connection, username=pezmosca
INF [20181020-17:42:13.768] thr=1   paramiko.transport: Auth rejected (none).
DEB [20181020-17:42:16.226] thr=1   paramiko.transport: EOF in transport thread
DEB [20181020-17:43:31.875] thr=1   paramiko.transport: starting thread (server mode): 0x40260bd0L
DEB [20181020-17:43:31.875] thr=1   paramiko.transport: Local version/idstring: SSH-2.0-paramiko_2.4.2
DEB [20181020-17:43:31.876] thr=1   paramiko.transport: Remote version/idstring: SSH-2.0-OpenSSH_7.6p1 Ubuntu-4
INF [20181020-17:43:31.876] thr=1   paramiko.transport: Connected (version 2.0, client OpenSSH_7.6p1)
DEB [20181020-17:43:31.878] thr=1   paramiko.transport: kex algos:[u'curve25519-sha256', u'curve25519-sha256@libssh.org', u'ecdh-sha2-nistp256', u'ecdh-sha2-nistp384', u'ecdh-sha2-nistp521', u'diffie-hellman-group-exchange-sha256', u'diffie-hellman-group16-sha512', u'diffie-hellman-group18-sha512', u'diffie-hellman-group-exchange-sha1', u'diffie-hellman-group14-sha256', u'diffie-hellman-group14-sha1', u'ext-info-c'] server key:[u'ssh-rsa-cert-v01@openssh.com', u'rsa-sha2-512', u'rsa-sha2-256', u'ssh-rsa', u'ecdsa-sha2-nistp256-cert-v01@openssh.com', u'ecdsa-sha2-nistp384-cert-v01@openssh.com', u'ecdsa-sha2-nistp521-cert-v01@openssh.com', u'ssh-ed25519-cert-v01@openssh.com', u'ecdsa-sha2-nistp256', u'ecdsa-sha2-nistp384', u'ecdsa-sha2-nistp521', u'ssh-ed25519'] client encrypt:[u'chacha20-poly1305@openssh.com', u'aes128-ctr', u'aes192-ctr', u'aes256-ctr', u'aes128-gcm@openssh.com', u'aes256-gcm@openssh.com'] server encrypt:[u'chacha20-poly1305@openssh.com', u'aes128-ctr', u'aes192-ctr', u'aes256-ctr', u'aes128-gcm@openssh.com', u'aes256-gcm@openssh.com'] client mac:[u'umac-64-etm@openssh.com', u'umac-128-etm@openssh.com', u'hmac-sha2-256-etm@openssh.com', u'hmac-sha2-512-etm@openssh.com', u'hmac-sha1-etm@openssh.com', u'umac-64@openssh.com', u'umac-128@openssh.com', u'hmac-sha2-256', u'hmac-sha2-512', u'hmac-sha1'] server mac:[u'umac-64-etm@openssh.com', u'umac-128-etm@openssh.com', u'hmac-sha2-256-etm@openssh.com', u'hmac-sha2-512-etm@openssh.com', u'hmac-sha1-etm@openssh.com', u'umac-64@openssh.com', u'umac-128@openssh.com', u'hmac-sha2-256', u'hmac-sha2-512', u'hmac-sha1'] client compress:[u'none', u'zlib@openssh.com', u'zlib'] server compress:[u'none', u'zlib@openssh.com', u'zlib'] client lang:[u''] server lang:[u''] kex follows?False
DEB [20181020-17:43:31.878] thr=1   paramiko.transport: Kex agreed: ecdh-sha2-nistp256
DEB [20181020-17:43:31.879] thr=1   paramiko.transport: HostKey agreed: ssh-rsa
DEB [20181020-17:43:31.879] thr=1   paramiko.transport: Cipher agreed: aes128-ctr
DEB [20181020-17:43:31.880] thr=1   paramiko.transport: MAC agreed: hmac-sha2-256
DEB [20181020-17:43:31.880] thr=1   paramiko.transport: Compression agreed: none
DEB [20181020-17:43:31.888] thr=1   paramiko.transport: kex engine KexNistp256 specified hash_algo <built-in function openssl_sha256>
DEB [20181020-17:43:31.891] thr=1   paramiko.transport: Switch to new keys ...
DEB [20181020-17:43:31.893] thr=1   paramiko.transport: Auth request (type=none) service=ssh-connection, username=pezmosca
INF [20181020-17:43:31.894] thr=1   paramiko.transport: Auth rejected (none).
DEB [20181020-17:43:36.993] thr=1   paramiko.transport: EOF in transport thread
DEB [20181020-17:46:23.399] thr=1   paramiko.transport: starting thread (server mode): 0xaefe8bd0L
DEB [20181020-17:46:23.400] thr=1   paramiko.transport: Local version/idstring: SSH-2.0-paramiko_2.4.2
DEB [20181020-17:46:23.400] thr=1   paramiko.transport: Remote version/idstring: SSH-2.0-OpenSSH_7.6p1 Ubuntu-4
INF [20181020-17:46:23.401] thr=1   paramiko.transport: Connected (version 2.0, client OpenSSH_7.6p1)
DEB [20181020-17:46:23.402] thr=1   paramiko.transport: kex algos:[u'curve25519-sha256', u'curve25519-sha256@libssh.org', u'ecdh-sha2-nistp256', u'ecdh-sha2-nistp384', u'ecdh-sha2-nistp521', u'diffie-hellman-group-exchange-sha256', u'diffie-hellman-group16-sha512', u'diffie-hellman-group18-sha512', u'diffie-hellman-group-exchange-sha1', u'diffie-hellman-group14-sha256', u'diffie-hellman-group14-sha1', u'ext-info-c'] server key:[u'ssh-rsa-cert-v01@openssh.com', u'rsa-sha2-512', u'rsa-sha2-256', u'ssh-rsa', u'ecdsa-sha2-nistp256-cert-v01@openssh.com', u'ecdsa-sha2-nistp384-cert-v01@openssh.com', u'ecdsa-sha2-nistp521-cert-v01@openssh.com', u'ssh-ed25519-cert-v01@openssh.com', u'ecdsa-sha2-nistp256', u'ecdsa-sha2-nistp384', u'ecdsa-sha2-nistp521', u'ssh-ed25519'] client encrypt:[u'chacha20-poly1305@openssh.com', u'aes128-ctr', u'aes192-ctr', u'aes256-ctr', u'aes128-gcm@openssh.com', u'aes256-gcm@openssh.com'] server encrypt:[u'chacha20-poly1305@openssh.com', u'aes128-ctr', u'aes192-ctr', u'aes256-ctr', u'aes128-gcm@openssh.com', u'aes256-gcm@openssh.com'] client mac:[u'umac-64-etm@openssh.com', u'umac-128-etm@openssh.com', u'hmac-sha2-256-etm@openssh.com', u'hmac-sha2-512-etm@openssh.com', u'hmac-sha1-etm@openssh.com', u'umac-64@openssh.com', u'umac-128@openssh.com', u'hmac-sha2-256', u'hmac-sha2-512', u'hmac-sha1'] server mac:[u'umac-64-etm@openssh.com', u'umac-128-etm@openssh.com', u'hmac-sha2-256-etm@openssh.com', u'hmac-sha2-512-etm@openssh.com', u'hmac-sha1-etm@openssh.com', u'umac-64@openssh.com', u'umac-128@openssh.com', u'hmac-sha2-256', u'hmac-sha2-512', u'hmac-sha1'] client compress:[u'none', u'zlib@openssh.com', u'zlib'] server compress:[u'none', u'zlib@openssh.com', u'zlib'] client lang:[u''] server lang:[u''] kex follows?False
DEB [20181020-17:46:23.403] thr=1   paramiko.transport: Kex agreed: ecdh-sha2-nistp256
DEB [20181020-17:46:23.403] thr=1   paramiko.transport: HostKey agreed: ssh-rsa
DEB [20181020-17:46:23.403] thr=1   paramiko.transport: Cipher agreed: aes128-ctr
DEB [20181020-17:46:23.404] thr=1   paramiko.transport: MAC agreed: hmac-sha2-256
DEB [20181020-17:46:23.404] thr=1   paramiko.transport: Compression agreed: none
DEB [20181020-17:46:23.410] thr=1   paramiko.transport: kex engine KexNistp256 specified hash_algo <built-in function openssl_sha256>
DEB [20181020-17:46:23.411] thr=1   paramiko.transport: Switch to new keys ...
DEB [20181020-17:46:23.413] thr=1   paramiko.transport: Auth request (type=none) service=ssh-connection, username=robey
INF [20181020-17:46:23.414] thr=1   paramiko.transport: Auth rejected (none).
DEB [20181020-17:46:24.970] thr=1   paramiko.transport: Auth request (type=password) service=ssh-connection, username=robey
INF [20181020-17:46:24.970] thr=1   paramiko.transport: Auth granted (password).
DEB [20181020-17:46:24.972] thr=1   paramiko.transport: [chan 0] Max packet in: 32768 bytes
DEB [20181020-17:46:24.972] thr=1   paramiko.transport: [chan 0] Max packet out: 16384 bytes
DEB [20181020-17:46:24.973] thr=1   paramiko.transport: Secsh channel 0 (session) opened.
DEB [20181020-17:46:27.980] thr=2   paramiko.transport: [chan 0] EOF sent (0)
DEB [20181020-17:46:27.982] thr=1   paramiko.transport: EOF in transport thread
DEB [20181020-17:51:19.031] thr=1   paramiko.transport: starting thread (server mode): 0x411c0bd0L
DEB [20181020-17:51:19.032] thr=1   paramiko.transport: Local version/idstring: SSH-2.0-paramiko_2.4.2
DEB [20181020-17:51:19.032] thr=1   paramiko.transport: Remote version/idstring: SSH-2.0-OpenSSH_7.6p1 Ubuntu-4
INF [20181020-17:51:19.033] thr=1   paramiko.transport: Connected (version 2.0, client OpenSSH_7.6p1)
DEB [20181020-17:51:19.035] thr=1   paramiko.transport: kex algos:[u'curve25519-sha256', u'curve25519-sha256@libssh.org', u'ecdh-sha2-nistp256', u'ecdh-sha2-nistp384', u'ecdh-sha2-nistp521', u'diffie-hellman-group-exchange-sha256', u'diffie-hellman-group16-sha512', u'diffie-hellman-group18-sha512', u'diffie-hellman-group-exchange-sha1', u'diffie-hellman-group14-sha256', u'diffie-hellman-group14-sha1', u'ext-info-c'] server key:[u'ssh-rsa-cert-v01@openssh.com', u'rsa-sha2-512', u'rsa-sha2-256', u'ssh-rsa', u'ecdsa-sha2-nistp256-cert-v01@openssh.com', u'ecdsa-sha2-nistp384-cert-v01@openssh.com', u'ecdsa-sha2-nistp521-cert-v01@openssh.com', u'ssh-ed25519-cert-v01@openssh.com', u'ecdsa-sha2-nistp256', u'ecdsa-sha2-nistp384', u'ecdsa-sha2-nistp521', u'ssh-ed25519'] client encrypt:[u'chacha20-poly1305@openssh.com', u'aes128-ctr', u'aes192-ctr', u'aes256-ctr', u'aes128-gcm@openssh.com', u'aes256-gcm@openssh.com'] server encrypt:[u'chacha20-poly1305@openssh.com', u'aes128-ctr', u'aes192-ctr', u'aes256-ctr', u'aes128-gcm@openssh.com', u'aes256-gcm@openssh.com'] client mac:[u'umac-64-etm@openssh.com', u'umac-128-etm@openssh.com', u'hmac-sha2-256-etm@openssh.com', u'hmac-sha2-512-etm@openssh.com', u'hmac-sha1-etm@openssh.com', u'umac-64@openssh.com', u'umac-128@openssh.com', u'hmac-sha2-256', u'hmac-sha2-512', u'hmac-sha1'] server mac:[u'umac-64-etm@openssh.com', u'umac-128-etm@openssh.com', u'hmac-sha2-256-etm@openssh.com', u'hmac-sha2-512-etm@openssh.com', u'hmac-sha1-etm@openssh.com', u'umac-64@openssh.com', u'umac-128@openssh.com', u'hmac-sha2-256', u'hmac-sha2-512', u'hmac-sha1'] client compress:[u'none', u'zlib@openssh.com', u'zlib'] server compress:[u'none', u'zlib@openssh.com', u'zlib'] client lang:[u''] server lang:[u''] kex follows?False
DEB [20181020-17:51:19.036] thr=1   paramiko.transport: Kex agreed: ecdh-sha2-nistp256
DEB [20181020-17:51:19.036] thr=1   paramiko.transport: HostKey agreed: ssh-rsa
DEB [20181020-17:51:19.037] thr=1   paramiko.transport: Cipher agreed: aes128-ctr
DEB [20181020-17:51:19.037] thr=1   paramiko.transport: MAC agreed: hmac-sha2-256
DEB [20181020-17:51:19.038] thr=1   paramiko.transport: Compression agreed: none
DEB [20181020-17:51:19.046] thr=1   paramiko.transport: kex engine KexNistp256 specified hash_algo <built-in function openssl_sha256>
DEB [20181020-17:51:19.048] thr=1   paramiko.transport: Switch to new keys ...
DEB [20181020-17:51:19.050] thr=1   paramiko.transport: Auth request (type=none) service=ssh-connection, username=pezmosca
INF [20181020-17:51:19.050] thr=1   paramiko.transport: Auth rejected (none).
DEB [20181020-17:51:22.975] thr=1   paramiko.transport: EOF in transport thread
DEB [20181020-17:51:52.815] thr=1   paramiko.transport: starting thread (server mode): 0x16fc9bd0L
DEB [20181020-17:51:52.816] thr=1   paramiko.transport: Local version/idstring: SSH-2.0-paramiko_2.4.2
DEB [20181020-17:51:52.817] thr=1   paramiko.transport: Remote version/idstring: SSH-2.0-OpenSSH_7.6p1 Ubuntu-4
INF [20181020-17:51:52.817] thr=1   paramiko.transport: Connected (version 2.0, client OpenSSH_7.6p1)
DEB [20181020-17:51:52.819] thr=1   paramiko.transport: kex algos:[u'curve25519-sha256', u'curve25519-sha256@libssh.org', u'ecdh-sha2-nistp256', u'ecdh-sha2-nistp384', u'ecdh-sha2-nistp521', u'diffie-hellman-group-exchange-sha256', u'diffie-hellman-group16-sha512', u'diffie-hellman-group18-sha512', u'diffie-hellman-group-exchange-sha1', u'diffie-hellman-group14-sha256', u'diffie-hellman-group14-sha1', u'ext-info-c'] server key:[u'ssh-rsa-cert-v01@openssh.com', u'rsa-sha2-512', u'rsa-sha2-256', u'ssh-rsa', u'ecdsa-sha2-nistp256-cert-v01@openssh.com', u'ecdsa-sha2-nistp384-cert-v01@openssh.com', u'ecdsa-sha2-nistp521-cert-v01@openssh.com', u'ssh-ed25519-cert-v01@openssh.com', u'ecdsa-sha2-nistp256', u'ecdsa-sha2-nistp384', u'ecdsa-sha2-nistp521', u'ssh-ed25519'] client encrypt:[u'chacha20-poly1305@openssh.com', u'aes128-ctr', u'aes192-ctr', u'aes256-ctr', u'aes128-gcm@openssh.com', u'aes256-gcm@openssh.com'] server encrypt:[u'chacha20-poly1305@openssh.com', u'aes128-ctr', u'aes192-ctr', u'aes256-ctr', u'aes128-gcm@openssh.com', u'aes256-gcm@openssh.com'] client mac:[u'umac-64-etm@openssh.com', u'umac-128-etm@openssh.com', u'hmac-sha2-256-etm@openssh.com', u'hmac-sha2-512-etm@openssh.com', u'hmac-sha1-etm@openssh.com', u'umac-64@openssh.com', u'umac-128@openssh.com', u'hmac-sha2-256', u'hmac-sha2-512', u'hmac-sha1'] server mac:[u'umac-64-etm@openssh.com', u'umac-128-etm@openssh.com', u'hmac-sha2-256-etm@openssh.com', u'hmac-sha2-512-etm@openssh.com', u'hmac-sha1-etm@openssh.com', u'umac-64@openssh.com', u'umac-128@openssh.com', u'hmac-sha2-256', u'hmac-sha2-512', u'hmac-sha1'] client compress:[u'none', u'zlib@openssh.com', u'zlib'] server compress:[u'none', u'zlib@openssh.com', u'zlib'] client lang:[u''] server lang:[u''] kex follows?False
DEB [20181020-17:51:52.820] thr=1   paramiko.transport: Kex agreed: ecdh-sha2-nistp256
DEB [20181020-17:51:52.821] thr=1   paramiko.transport: HostKey agreed: ssh-rsa
DEB [20181020-17:51:52.821] thr=1   paramiko.transport: Cipher agreed: aes128-ctr
DEB [20181020-17:51:52.822] thr=1   paramiko.transport: MAC agreed: hmac-sha2-256
DEB [20181020-17:51:52.822] thr=1   paramiko.transport: Compression agreed: none
DEB [20181020-17:51:52.829] thr=1   paramiko.transport: kex engine KexNistp256 specified hash_algo <built-in function openssl_sha256>
DEB [20181020-17:51:52.830] thr=1   paramiko.transport: Switch to new keys ...
DEB [20181020-17:51:52.833] thr=1   paramiko.transport: Auth request (type=none) service=ssh-connection, username=pezmosca
INF [20181020-17:51:52.834] thr=1   paramiko.transport: Auth rejected (none).
DEB [20181020-17:51:52.838] thr=1   paramiko.transport: Auth request (type=publickey) service=ssh-connection, username=pezmosca
INF [20181020-17:51:52.842] thr=1   paramiko.transport: Auth granted (publickey).
DEB [20181020-17:51:52.844] thr=1   paramiko.transport: [chan 0] Max packet in: 32768 bytes
DEB [20181020-17:51:52.844] thr=1   paramiko.transport: [chan 0] Max packet out: 16384 bytes
DEB [20181020-17:51:52.845] thr=1   paramiko.transport: Secsh channel 0 (session) opened.
DEB [20181020-17:51:57.619] thr=2   paramiko.transport: [chan 0] EOF sent (0)
DEB [20181020-17:51:57.620] thr=1   paramiko.transport: EOF in transport thread
